Connecting to database specified by database.yml
Connecting to database specified by database.yml
Connecting to database specified by database.yml
Connecting to database specified by database.yml
Connecting to database specified by database.yml
Connecting to database specified by database.yml
Connecting to database specified by database.yml
Connecting to database specified by database.yml
Connecting to database specified by database.yml
Connecting to database specified by database.yml
Connecting to database specified by database.yml
Connecting to database specified by database.yml
Connecting to database specified by database.yml
Connecting to database specified by database.yml


Started GET "/" for 127.0.0.1 at 2014-01-25 05:53:36 -0800

ActionController::RoutingError (No route matches [GET] "/"):
  actionpack (3.2.13) lib/action_dispatch/middleware/debug_exceptions.rb:21:in `call'
  actionpack (3.2.13) lib/action_dispatch/middleware/show_exceptions.rb:56:in `call'
  railties (3.2.13) lib/rails/rack/logger.rb:32:in `call_app'
  railties (3.2.13) lib/rails/rack/logger.rb:16:in `block in call'
  activesupport (3.2.13) lib/active_support/tagged_logging.rb:22:in `tagged'
  railties (3.2.13) lib/rails/rack/logger.rb:16:in `call'
  actionpack (3.2.13) lib/action_dispatch/middleware/request_id.rb:22:in `call'
  rack (1.4.5) lib/rack/methodoverride.rb:21:in `call'
  rack (1.4.5) lib/rack/runtime.rb:17:in `call'
  activesupport (3.2.13) lib/active_support/cache/strategy/local_cache.rb:72:in `call'
  rack (1.4.5) lib/rack/lock.rb:15:in `call'
  actionpack (3.2.13) lib/action_dispatch/middleware/static.rb:63:in `call'
  railties (3.2.13) lib/rails/engine.rb:479:in `call'
  railties (3.2.13) lib/rails/application.rb:223:in `call'
  rack (1.4.5) lib/rack/content_length.rb:14:in `call'
  railties (3.2.13) lib/rails/rack/log_tailer.rb:17:in `call'
  rack (1.4.5) lib/rack/handler/webrick.rb:59:in `service'
  /Users/gregvarias/.rvm/rubies/ruby-1.9.3-p448/lib/ruby/1.9.1/webrick/httpserver.rb:138:in `service'
  /Users/gregvarias/.rvm/rubies/ruby-1.9.3-p448/lib/ruby/1.9.1/webrick/httpserver.rb:94:in `run'
  /Users/gregvarias/.rvm/rubies/ruby-1.9.3-p448/lib/ruby/1.9.1/webrick/server.rb:191:in `block in start_thread'


  Rendered /Users/gregvarias/.rvm/gems/ruby-1.9.3-p448/gems/actionpack-3.2.13/lib/action_dispatch/middleware/templates/rescues/routing_error.erb within rescues/layout (2.8ms)
Connecting to database specified by database.yml


Started GET "/" for 127.0.0.1 at 2014-01-25 05:57:52 -0800

ActionController::RoutingError (No route matches [GET] "/"):
  actionpack (3.2.13) lib/action_dispatch/middleware/debug_exceptions.rb:21:in `call'
  actionpack (3.2.13) lib/action_dispatch/middleware/show_exceptions.rb:56:in `call'
  railties (3.2.13) lib/rails/rack/logger.rb:32:in `call_app'
  railties (3.2.13) lib/rails/rack/logger.rb:16:in `block in call'
  activesupport (3.2.13) lib/active_support/tagged_logging.rb:22:in `tagged'
  railties (3.2.13) lib/rails/rack/logger.rb:16:in `call'
  actionpack (3.2.13) lib/action_dispatch/middleware/request_id.rb:22:in `call'
  rack (1.4.5) lib/rack/methodoverride.rb:21:in `call'
  rack (1.4.5) lib/rack/runtime.rb:17:in `call'
  activesupport (3.2.13) lib/active_support/cache/strategy/local_cache.rb:72:in `call'
  rack (1.4.5) lib/rack/lock.rb:15:in `call'
  actionpack (3.2.13) lib/action_dispatch/middleware/static.rb:63:in `call'
  railties (3.2.13) lib/rails/engine.rb:479:in `call'
  railties (3.2.13) lib/rails/application.rb:223:in `call'
  rack (1.4.5) lib/rack/content_length.rb:14:in `call'
  railties (3.2.13) lib/rails/rack/log_tailer.rb:17:in `call'
  rack (1.4.5) lib/rack/handler/webrick.rb:59:in `service'
  /Users/gregvarias/.rvm/rubies/ruby-1.9.3-p448/lib/ruby/1.9.1/webrick/httpserver.rb:138:in `service'
  /Users/gregvarias/.rvm/rubies/ruby-1.9.3-p448/lib/ruby/1.9.1/webrick/httpserver.rb:94:in `run'
  /Users/gregvarias/.rvm/rubies/ruby-1.9.3-p448/lib/ruby/1.9.1/webrick/server.rb:191:in `block in start_thread'


  Rendered /Users/gregvarias/.rvm/gems/ruby-1.9.3-p448/gems/actionpack-3.2.13/lib/action_dispatch/middleware/templates/rescues/routing_error.erb within rescues/layout (2.2ms)
Connecting to database specified by database.yml


Started GET "/" for 127.0.0.1 at 2014-01-25 05:58:37 -0800
Processing by GameController#index as HTML
  Rendered game/index.html.erb within layouts/application (2.6ms)
Compiled structure.css  (0ms)  (pid 11293)
Compiled style.css  (0ms)  (pid 11293)
Compiled style_gt.css  (0ms)  (pid 11293)
Compiled application.css  (51ms)  (pid 11293)
Compiled jquery.js  (3ms)  (pid 11293)
Compiled jquery_ujs.js  (0ms)  (pid 11293)
Compiled index.js  (0ms)  (pid 11293)
Compiled main.js  (0ms)  (pid 11293)
Compiled application.js  (95ms)  (pid 11293)
Completed 200 OK in 201ms (Views: 200.3ms | ActiveRecord: 0.0ms)


Started GET "/assets/application.css?body=1" for 127.0.0.1 at 2014-01-25 05:58:38 -0800
Served asset /application.css - 200 OK (13ms)


Started GET "/assets/structure.css?body=1" for 127.0.0.1 at 2014-01-25 05:58:38 -0800
Served asset /structure.css - 200 OK (3ms)


Started GET "/assets/style.css?body=1" for 127.0.0.1 at 2014-01-25 05:58:38 -0800
Served asset /style.css - 200 OK (2ms)


Started GET "/assets/jquery.js?body=1" for 127.0.0.1 at 2014-01-25 05:58:38 -0800
Served asset /jquery.js - 200 OK (4ms)


Started GET "/assets/style_gt.css?body=1" for 127.0.0.1 at 2014-01-25 05:58:38 -0800
Served asset /style_gt.css - 200 OK (2ms)


Started GET "/assets/index.js?body=1" for 127.0.0.1 at 2014-01-25 05:58:38 -0800
Served asset /index.js - 200 OK (2ms)


Started GET "/assets/jquery_ujs.js?body=1" for 127.0.0.1 at 2014-01-25 05:58:38 -0800
Served asset /jquery_ujs.js - 200 OK (3ms)


Started GET "/assets/main.js?body=1" for 127.0.0.1 at 2014-01-25 05:58:38 -0800
Served asset /main.js - 200 OK (2ms)


Started GET "/assets/application.js?body=1" for 127.0.0.1 at 2014-01-25 05:58:38 -0800
Served asset /application.js - 200 OK (10ms)
